2023-08-31 21:27:11.284044: запрос: Тайм менеджер

2023-08-31 21:27:51.666365: collected vacancies id of Тайм менеджер
2023-09-01 12:20:45.821738: запрос: Тайм менеджер

2023-09-01 12:21:36.646237: collected vacancies id of Тайм менеджер
2023-09-01 13:58:05.692261: запрос: Тайм менеджер

2023-09-01 13:58:56.641208: collected vacancies id of Тайм менеджер
2023-09-01 14:10:10.290593: collected vacancies info of Тайм менеджер
2023-09-01 14:11:02.355158: collected words of Тайм менеджер

2023-09-01 14:11:02.355158: запрос: data science

2023-09-01 14:11:42.415430: collected vacancies id of data science
2023-09-01 14:19:18.684550: collected vacancies info of data science
2023-09-01 14:19:43.152605: collected words of data science

2023-09-01 14:19:43.152605: запрос: Менеджер по продажам

2023-09-01 14:21:50.464764: collected vacancies id of Менеджер по продажам
2023-09-01 15:49:26.005379: collected vacancies info of Менеджер по продажам
2023-09-01 15:54:26.393821: collected words of Менеджер по продажам

2023-09-01 15:54:26.393821: запрос: Продавец-консультант

2023-09-01 15:56:05.948355: collected vacancies id of Продавец-консультант
2023-09-01 17:07:39.851058: collected vacancies info of Продавец-консультант
2023-09-01 17:10:43.196614: collected words of Продавец-консультант

2023-09-01 17:10:43.196614: запрос: Продавец-кассир

2023-09-01 17:12:24.801931: collected vacancies id of Продавец-кассир
2023-09-01 18:10:45.693047: collected vacancies info of Продавец-кассир
2023-09-01 18:12:44.763402: collected words of Продавец-кассир

2023-09-01 18:12:44.763402: запрос: Оператор колл центра

2023-09-01 18:13:54.024860: collected vacancies id of Оператор колл центра
2023-09-01 18:45:34.139201: collected vacancies info of Оператор колл центра
2023-09-01 18:46:57.375914: collected words of Оператор колл центра

2023-09-01 18:46:57.375914: запрос: Менеджер по работе с клиентами

2023-09-01 18:48:41.741867: collected vacancies id of Менеджер по работе с клиентами
2023-09-01 20:06:15.470631: collected vacancies info of Менеджер по работе с клиентами
2023-09-01 20:10:30.803364: collected words of Менеджер по работе с клиентами

2023-09-01 20:10:30.803364: запрос: Разнорабочий

2023-09-01 20:11:47.601350: collected vacancies id of Разнорабочий
2023-09-01 20:54:45.714181: collected vacancies info of Разнорабочий
2023-09-01 20:55:53.712516: collected words of Разнорабочий

2023-09-01 20:55:53.712516: запрос: Кладовщик

2023-09-01 20:57:34.874360: collected vacancies id of Кладовщик
2023-09-01 22:01:52.747770: collected vacancies info of Кладовщик
2023-09-01 22:04:12.172985: collected words of Кладовщик

2023-09-01 22:04:12.172985: запрос: Грузчик

2023-09-01 22:05:50.583567: collected vacancies id of Грузчик
2023-09-01 22:52:41.365693: collected vacancies info of Грузчик
2023-09-01 22:53:53.117955: collected words of Грузчик

2023-09-01 22:53:53.118999: запрос: Торговый представитель

2023-09-01 22:54:44.122907: collected vacancies id of Торговый представитель
2023-09-01 23:25:00.971308: collected vacancies info of Торговый представитель
2023-09-01 23:26:32.467336: collected words of Торговый представитель

2023-09-01 23:26:32.467336: запрос: Бухгалтер

2023-09-01 23:28:05.361367: collected vacancies id of Бухгалтер
2023-09-01 23:48:02.060101: collected vacancies info of Бухгалтер
2023-09-01 23:49:06.336812: collected words of Бухгалтер

2023-09-01 23:49:06.337811: запрос: Комплектовщик

2023-09-01 23:50:24.043386: collected vacancies id of Комплектовщик
2023-09-02 00:42:30.483194: collected vacancies info of Комплектовщик
2023-09-02 00:44:25.738003: collected words of Комплектовщик

2023-09-02 00:44:25.738003: запрос: Повар

2023-09-02 00:45:56.200985: collected vacancies id of Повар
2023-09-02 01:39:50.858734: collected vacancies info of Повар
2023-09-02 01:41:26.721108: collected words of Повар

2023-09-02 01:41:26.721108: запрос: Водитель автомобиля

2023-09-02 01:43:08.102503: collected vacancies id of Водитель автомобиля
2023-09-02 02:41:05.996751: collected vacancies info of Водитель автомобиля
2023-09-02 02:43:25.516174: collected words of Водитель автомобиля

2023-09-02 02:43:25.516174: запрос: Комплектовщик

2023-09-02 02:44:54.936225: collected vacancies id of Комплектовщик
2023-09-02 03:37:35.040677: collected vacancies info of Комплектовщик
2023-09-02 03:39:26.798963: collected words of Комплектовщик

2023-09-02 03:39:26.798963: запрос: Сборщик заказов

2023-09-02 03:40:51.106837: collected vacancies id of Сборщик заказов
2023-09-02 04:28:55.037496: collected vacancies info of Сборщик заказов
2023-09-02 04:30:49.960910: collected words of Сборщик заказов

2023-09-02 04:30:49.960910: запрос: Водитель-экспедитор

2023-09-02 04:32:22.457056: collected vacancies id of Водитель-экспедитор
2023-09-02 04:35:51.578226: collected vacancies info of Водитель-экспедитор
2023-09-02 04:35:59.800612: collected words of Водитель-экспедитор

2023-09-02 04:35:59.800612: запрос: Медицинская сестра

2023-09-02 04:37:13.275286: collected vacancies id of Медицинская сестра
2023-09-02 04:39:16.046122: collected vacancies info of Медицинская сестра
2023-09-02 04:39:20.772085: collected words of Медицинская сестра

2023-09-02 04:39:20.772085: запрос: Уборщик служебных и производственных помещений

2023-09-02 04:40:07.892624: collected vacancies id of Уборщик служебных и производственных помещений
2023-09-02 04:44:45.137721: collected vacancies info of Уборщик служебных и производственных помещений
2023-09-02 04:44:54.706105: collected words of Уборщик служебных и производственных помещений

2023-09-02 04:44:54.706105: запрос: Директор магазина

2023-09-02 04:46:04.202186: collected vacancies id of Директор магазина
2023-09-02 05:28:09.955590: collected vacancies info of Директор магазина
2023-09-02 05:30:28.167485: collected words of Директор магазина

2023-09-02 05:30:28.168485: запрос: Подсобный рабочий
2023-09-02 05:31:54.012160: collected vacancies id of Подсобный рабочи
2023-09-02 05:34:33.326781: collected vacancies info of Подсобный рабочи
2023-09-02 05:34:37.420138: collected words of Подсобный рабочи

2023-09-12 18:54:44: запрос: управляющий

2023-09-12 18:56:53: collected vacancies id of управляющий
2023-09-12 20:18:05: collected vacancies info of управляющий
2023-09-12 20:22:37: collected words of управляющий

2023-09-12 20:22:37: запрос: помощник руководителя

2023-09-12 20:23:45: collected vacancies id of помощник руководителя
2023-09-12 20:54:33: collected vacancies info of помощник руководителя
2023-09-12 20:56:30: collected words of помощник руководителя

2023-09-12 20:56:30: запрос: архитектор 1С
2023-09-12 20:57:35: collected vacancies id of архитектор 1
2023-09-12 21:27:11: collected vacancies info of архитектор 1
2023-09-12 21:28:55: collected words of архитектор 1

2023-09-20 19:36:41: запрос: data science python

2023-09-20 19:37:27: collected vacancies id of data science python
2023-09-20 19:42:09: collected vacancies info of data science python
2023-09-20 19:42:43: collected words of data science python

2023-09-20 19:42:43: запрос: data ingineer python

2023-09-20 19:43:24: collected vacancies id of data ingineer python
2023-09-20 19:45:42: collected vacancies info of data ingineer python
2023-09-20 19:45:56: collected words of data ingineer python

2023-09-20 19:45:56: запрос: ml dl исследователь python

2023-09-20 19:46:35: collected vacancies id of ml dl исследователь python
2023-09-20 19:47:07: collected vacancies info of ml dl исследователь python
2023-09-20 19:47:08: collected words of ml dl исследователь python

2023-09-20 19:47:08: запрос: ml dl инженер python

2023-09-20 19:47:40: collected vacancies id of ml dl инженер python
2023-09-20 19:48:26: collected vacancies info of ml dl инженер python
2023-09-20 19:48:29: collected words of ml dl инженер python

2023-09-20 19:48:29: запрос: data-программист python

2023-09-20 19:49:10: collected vacancies id of data-программист python
2023-09-20 19:50:47: collected vacancies info of data-программист python
2023-09-20 19:50:55: collected words of data-программист python

2023-09-20 19:50:55: запрос: python back-end

2023-09-20 19:51:34: collected vacancies id of python back-end
2023-09-20 20:00:57: collected vacancies info of python back-end
2023-09-20 20:01:59: collected words of python back-end

2023-09-20 20:01:59: запрос: python разработчик

2023-09-20 20:03:11: collected vacancies id of python разработчик
2023-09-20 20:47:14: collected vacancies info of python разработчик
2023-09-20 20:50:15: collected words of python разработчик

2023-09-20 20:50:15: запрос: python аналитик

2023-09-20 20:51:19: collected vacancies id of python аналитик
2023-09-20 21:16:16: collected vacancies info of python аналитик
2023-09-20 21:18:45: collected words of python аналитик

2023-09-20 21:18:45: запрос: python аналитик данных

2023-09-20 21:19:46: collected vacancies id of python аналитик данных
2023-09-20 21:40:47: collected vacancies info of python аналитик данных
2023-09-20 21:42:55: collected words of python аналитик данных

2023-09-20 21:42:55: запрос: DevOps-инженер

2023-09-20 21:43:49: collected vacancies id of DevOps-инженер
2023-09-20 21:56:54: collected vacancies info of DevOps-инженер
2023-09-20 21:58:11: collected words of DevOps-инженер

2023-09-20 21:58:11: запрос: web python

2023-09-20 21:59:06: collected vacancies id of web python
2023-09-20 22:17:15: collected vacancies info of web python
2023-09-20 22:19:04: collected words of web python

2023-09-20 22:19:04: запрос: тестировщик python
2023-09-20 22:19:52: collected vacancies id of тестировщик pytho
2023-09-20 22:25:12: collected vacancies info of тестировщик pytho
2023-09-20 22:25:47: collected words of тестировщик pytho

2023-09-23 20:31:40: запрос: python

2023-09-23 20:33:02: collected vacancies id of python
2023-09-23 20:38:27: запрос: python

2023-09-23 20:39:39: collected vacancies id of python
2023-09-23 21:17:15: collected vacancies info of python
2023-09-23 21:23:29: collected words of python

2023-09-23 21:23:29: запрос: data science python

2023-09-23 21:24:03: collected vacancies id of data science python
2023-09-23 21:28:24: collected vacancies info of data science python
2023-09-23 21:29:14: collected words of data science python

2023-09-23 21:29:14: запрос: data ingineer python

2023-09-23 21:29:45: collected vacancies id of data ingineer python
2023-09-23 21:31:10: collected vacancies info of data ingineer python
2023-09-23 21:31:22: collected words of data ingineer python

2023-09-23 21:31:22: запрос: ml dl исследователь python

2023-09-23 21:31:53: collected vacancies id of ml dl исследователь python
2023-09-23 21:32:27: collected vacancies info of ml dl исследователь python
2023-09-23 21:32:28: collected words of ml dl исследователь python

2023-09-23 21:32:28: запрос: ml dl инженер python

2023-09-23 21:33:22: collected vacancies id of ml dl инженер python
2023-09-23 21:33:59: collected vacancies info of ml dl инженер python
2023-09-23 21:34:04: collected words of ml dl инженер python

2023-09-23 21:34:04: запрос: data-программист python

2023-09-23 21:34:50: collected vacancies id of data-программист python
2023-09-23 21:36:01: collected vacancies info of data-программист python
2023-09-23 21:36:11: collected words of data-программист python

2023-09-23 21:36:11: запрос: python back-end

2023-09-23 21:36:55: collected vacancies id of python back-end
2023-09-23 21:46:00: collected vacancies info of python back-end
2023-09-23 21:47:47: collected words of python back-end

2023-09-23 21:47:47: запрос: python разработчик

2023-09-23 21:48:50: collected vacancies id of python разработчик
2023-09-23 22:20:26: collected vacancies info of python разработчик
2023-09-23 22:26:01: collected words of python разработчик

2023-09-23 22:26:01: запрос: python аналитик

2023-09-23 22:26:58: collected vacancies id of python аналитик
2023-09-23 22:51:59: collected vacancies info of python аналитик
2023-09-23 22:56:36: collected words of python аналитик

2023-09-23 22:56:36: запрос: python аналитик данных

2023-09-23 22:57:39: collected vacancies id of python аналитик данных
2023-09-23 23:18:11: collected vacancies info of python аналитик данных
2023-09-23 23:22:09: collected words of python аналитик данных

2023-09-23 23:22:09: запрос: DevOps-инженер

2023-09-23 23:23:00: collected vacancies id of DevOps-инженер
2023-09-23 23:35:38: collected vacancies info of DevOps-инженер
2023-09-23 23:38:01: collected words of DevOps-инженер

2023-09-23 23:38:01: запрос: web python

2023-09-23 23:38:48: collected vacancies id of web python
2023-09-23 23:55:43: collected vacancies info of web python
2023-09-23 23:58:58: collected words of web python

2023-09-23 23:58:58: запрос: тестировщик python

2023-09-23 23:59:47: collected vacancies id of тестировщик python
2023-09-24 00:05:02: collected vacancies info of тестировщик python
2023-09-24 00:06:10: collected words of тестировщик python

2023-09-24 00:06:10: запрос: 

2023-09-24 00:07:59: collected vacancies id of 
2023-09-24 01:50:05: collected vacancies info of 
2023-09-24 01:58:54: collected words of 

2023-09-24 01:58:54: запрос: аналитик

2023-09-24 02:00:33: collected vacancies id of аналитик
2023-09-24 03:06:19: collected vacancies info of аналитик
2023-09-24 03:17:00: collected words of аналитик

2023-09-24 03:17:00: запрос: продуктовый аналитик

2023-09-24 03:18:12: collected vacancies id of продуктовый аналитик
2023-09-24 03:56:18: collected vacancies info of продуктовый аналитик
2023-09-24 04:05:00: collected words of продуктовый аналитик

2023-09-24 04:05:00: запрос: 

2023-09-24 04:06:41: collected vacancies id of 
2023-09-24 04:58:23: collected vacancies info of 
2023-09-24 05:04:42: collected words of 

2023-09-24 05:04:42: запрос: 1С

2023-09-24 05:06:38: collected vacancies id of 1С
2023-09-24 05:08:14: collected vacancies info of 1С
2023-09-24 05:08:26: collected words of 1С

2023-09-24 05:08:26: запрос: программист 1С

2023-09-24 05:09:43: collected vacancies id of программист 1С
2023-09-24 05:13:55: collected vacancies info of программист 1С
2023-09-24 05:14:26: collected words of программист 1С

2023-09-24 05:14:26: запрос: архитектор 1С

2023-09-24 05:15:03: collected vacancies id of архитектор 1С
2023-09-24 05:23:47: collected vacancies info of архитектор 1С
2023-09-24 05:25:41: collected words of архитектор 1С

2023-09-24 05:25:41: запрос: программист java

2023-09-24 05:26:35: collected vacancies id of программист java
2023-09-24 05:30:50: collected vacancies info of программист java
2023-09-24 05:31:22: collected words of программист java

2023-09-24 05:31:22: запрос: программист C C++

2023-09-24 05:32:19: collected vacancies id of программист C C++
2023-09-24 05:34:00: collected vacancies info of программист C C++
2023-09-24 05:34:11: collected words of программист C C++

2023-09-24 05:34:11: запрос: техническая поддержка

2023-09-24 05:35:17: collected vacancies id of техническая поддержка
2023-09-24 05:37:28: collected vacancies info of техническая поддержка
2023-09-24 05:37:49: collected words of техническая поддержка

2023-09-24 05:37:49: запрос: системный администратор

2023-09-24 05:38:43: collected vacancies id of системный администратор
2023-09-24 05:40:20: collected vacancies info of системный администратор
2023-09-24 05:40:36: collected words of системный администратор

2023-09-24 05:40:36: запрос: 

2023-09-24 05:42:18: collected vacancies id of 
2023-09-24 05:45:14: collected vacancies info of 
2023-09-24 05:45:35: collected words of 

2023-09-24 05:45:35: запрос: менеджер по продажам

2023-09-24 05:47:29: collected vacancies id of менеджер по продажам
2023-09-24 05:51:16: collected vacancies info of менеджер по продажам
2023-09-24 05:51:49: collected words of менеджер по продажам

2023-09-24 05:51:49: запрос: продавец-консультант

2023-09-24 05:53:20: collected vacancies id of продавец-консультант
2023-09-24 06:34:00: collected vacancies info of продавец-консультант
2023-09-24 06:39:25: collected words of продавец-консультант

2023-09-24 06:39:25: запрос: продавец-кассир

2023-09-24 06:40:49: collected vacancies id of продавец-кассир
2023-09-24 07:09:25: collected vacancies info of продавец-кассир
2023-09-24 07:12:20: collected words of продавец-кассир

2023-09-24 07:12:20: запрос: оператор колл центра

2023-09-24 07:13:35: collected vacancies id of оператор колл центра
2023-09-24 07:15:26: collected vacancies info of оператор колл центра
2023-09-24 07:15:39: collected words of оператор колл центра

2023-09-24 07:15:39: запрос: менеджер по работе с клиентами

2023-09-24 07:17:30: collected vacancies id of менеджер по работе с клиентами
2023-09-24 07:18:53: collected vacancies info of менеджер по работе с клиентами
2023-09-24 07:19:05: collected words of менеджер по работе с клиентами

2023-09-24 07:19:05: запрос: разнорабочий

2023-09-24 07:20:30: collected vacancies id of разнорабочий
2023-09-24 07:23:55: collected vacancies info of разнорабочий
2023-09-24 07:24:09: collected words of разнорабочий

2023-09-24 07:24:09: запрос: кладовщик

2023-09-24 07:25:48: collected vacancies id of кладовщик
2023-09-24 07:31:00: collected vacancies info of кладовщик
2023-09-24 07:31:29: collected words of кладовщик

2023-09-24 07:31:29: запрос: грузчик

2023-09-24 07:33:00: collected vacancies id of грузчик
2023-09-24 07:39:40: collected vacancies info of грузчик
2023-09-24 07:40:11: collected words of грузчик

2023-09-24 07:40:11: запрос: торговый представитель

2023-09-24 07:41:19: collected vacancies id of торговый представитель
2023-09-24 07:48:32: collected vacancies info of торговый представитель
2023-09-24 07:49:19: collected words of торговый представитель

2023-09-24 07:49:19: запрос: бухгалтер

2023-09-24 07:51:04: collected vacancies id of бухгалтер
2023-09-24 07:53:37: collected vacancies info of бухгалтер
2023-09-24 07:53:57: collected words of бухгалтер

2023-09-24 07:53:57: запрос: комплектовщик

2023-09-24 07:55:21: collected vacancies id of комплектовщик
2023-09-24 07:58:37: collected vacancies info of комплектовщик
2023-09-24 07:58:54: collected words of комплектовщик

2023-09-24 07:58:54: запрос: повар

2023-09-24 08:00:17: collected vacancies id of повар
2023-09-24 08:05:46: collected vacancies info of повар
2023-09-24 08:06:10: collected words of повар

2023-09-24 08:06:10: запрос: сборщик заказов

2023-09-24 08:07:41: collected vacancies id of сборщик заказов
2023-09-24 08:46:31: collected vacancies info of сборщик заказов
2023-09-24 08:50:52: collected words of сборщик заказов

2023-09-24 08:50:52: запрос: водитель экспедитор

2023-09-24 08:52:04: collected vacancies id of водитель экспедитор
2023-09-24 08:56:15: collected vacancies info of водитель экспедитор
2023-09-24 08:56:38: collected words of водитель экспедитор

2023-09-24 08:56:38: запрос: медицинская сестра

2023-09-24 08:57:36: collected vacancies id of медицинская сестра
2023-09-24 08:59:09: collected vacancies info of медицинская сестра
2023-09-24 08:59:17: collected words of медицинская сестра

2023-09-24 08:59:17: запрос: уборщик служебных и производственных помещений

2023-09-24 09:00:03: collected vacancies id of уборщик служебных и производственных помещений
2023-09-24 09:04:44: collected vacancies info of уборщик служебных и производственных помещений
2023-09-24 09:05:05: collected words of уборщик служебных и производственных помещений

2023-09-24 09:05:05: запрос: директор магазина

2023-09-24 09:06:18: collected vacancies id of директор магазина
2023-09-24 09:47:42: collected vacancies info of директор магазина
2023-09-24 09:53:59: collected words of директор магазина

2023-09-24 09:53:59: запрос: подсобный рабочий

2023-09-24 09:55:22: collected vacancies id of подсобный рабочий
2023-09-24 09:58:48: collected vacancies info of подсобный рабочий
2023-09-24 09:59:02: collected words of подсобный рабочий

2023-09-24 09:59:02: запрос: 

2023-09-24 10:00:50: collected vacancies id of 
2023-09-24 10:02:46: collected vacancies info of 
2023-09-24 10:02:59: collected words of 

2023-09-24 10:02:59: запрос: управляющий

2023-09-24 10:04:50: collected vacancies id of управляющий
2023-09-24 10:12:54: collected vacancies info of управляющий
2023-09-24 10:13:55: collected words of управляющий

2023-09-24 10:13:55: запрос: помощник руководителя

2023-09-24 10:15:13: collected vacancies id of помощник руководителя
2023-09-24 10:18:20: collected vacancies info of помощник руководителя
2023-09-24 10:18:45: collected words of помощник руководителя

2023-09-24 10:18:45: запрос: 

2023-09-24 10:20:30: collected vacancies id of 
2023-09-24 10:26:37: collected vacancies info of 
2023-09-24 10:27:12: collected words of 

2023-09-24 10:27:12: запрос: садовод

2023-09-24 10:27:48: collected vacancies id of садовод
2023-09-24 10:28:50: collected vacancies info of садовод
2023-09-24 10:28:56: collected words of садовод

2023-09-24 10:28:56: запрос: онлайн-терапевт

2023-09-24 10:29:39: collected vacancies id of онлайн-терапевт
2023-09-24 10:30:28: collected vacancies info of онлайн-терапевт
2023-09-24 10:30:37: collected words of онлайн-терапевт

2023-09-24 10:30:37: запрос: инженер-генетик

2023-09-24 10:31:11: collected vacancies id of инженер-генетик
2023-09-24 10:31:20: collected vacancies info of инженер-генетик
2023-09-24 10:31:21: collected words of инженер-генетик

2023-09-24 10:31:21: запрос: биофармаколог

2023-09-24 10:31:58: collected vacancies id of биофармаколог
2023-09-24 10:32:03: collected vacancies info of биофармаколог
2023-09-24 10:32:04: collected words of биофармаколог

2023-09-24 10:32:04: запрос: тайм-менеджер

2023-09-24 10:32:39: collected vacancies id of тайм-менеджер
2023-09-24 10:32:54: collected vacancies info of тайм-менеджер
2023-09-24 10:32:56: collected words of тайм-менеджер

2023-09-24 10:32:56: запрос: игромастер

2023-09-24 10:33:29: collected vacancies id of игромастер
2023-09-24 10:34:40: collected vacancies info of игромастер
2023-09-24 10:34:51: collected words of игромастер

2023-09-24 10:34:51: запрос: медиаполицейский

2023-09-24 10:35:38: collected vacancies id of медиаполицейский
2023-09-24 10:35:50: collected vacancies info of медиаполицейский
2023-09-24 10:35:50: collected words of медиаполицейский

2023-09-24 10:35:50: запрос: гид в сфере космического туризма

2023-09-24 10:36:33: collected vacancies id of гид в сфере космического туризма
2023-09-24 10:37:01: collected vacancies info of гид в сфере космического туризма
2023-09-24 10:37:01: collected words of гид в сфере космического туризма

2023-09-24 10:37:01: запрос: экоаналитик в добывающих отраслях

2023-09-24 10:37:43: collected vacancies id of экоаналитик в добывающих отраслях
2023-09-24 10:38:13: collected vacancies info of экоаналитик в добывающих отраслях
2023-09-24 10:38:13: collected words of экоаналитик в добывающих отраслях

2023-09-24 10:38:13: запрос: архитектор зелёных городов

2023-09-24 10:38:55: collected vacancies id of архитектор зелёных городов
2023-09-24 10:39:14: collected vacancies info of архитектор зелёных городов
2023-09-24 10:39:15: collected words of архитектор зелёных городов

2023-09-24 10:39:15: запрос: технолог производственных процессов
2023-09-24 10:40:32: collected vacancies id of технолог производственных процессо
2023-09-24 10:45:27: collected vacancies info of технолог производственных процессо
2023-09-24 10:46:06: collected words of технолог производственных процессо

2023-09-24 14:30:21: запрос: сборщик заказов

2023-09-24 14:31:37: collected vacancies id of сборщик заказов
2023-09-24 15:21:30: collected vacancies info of сборщик заказов
2023-09-24 15:28:23: collected words of сборщик заказов

2023-09-24 15:28:23: запрос: водитель экспедитор

2023-09-24 15:29:37: collected vacancies id of водитель экспедитор
2023-09-24 16:14:47: collected vacancies info of водитель экспедитор
2023-09-24 16:20:06: collected words of водитель экспедитор

2023-09-24 16:20:06: запрос: медицинская сестра

2023-09-24 16:21:29: collected vacancies id of медицинская сестра
2023-09-24 16:57:48: collected vacancies info of медицинская сестра
2023-09-24 17:02:19: collected words of медицинская сестра

2023-09-24 17:02:19: запрос: подсобный рабочий

2023-09-24 17:03:47: collected vacancies id of подсобный рабочий
2023-09-24 17:59:37: collected vacancies info of подсобный рабочий
2023-09-24 18:03:27: collected words of подсобный рабочий

2023-09-24 18:03:27: запрос: 

2023-09-24 18:05:06: collected vacancies id of 
2023-09-24 19:19:05: collected vacancies info of 
2023-09-24 19:28:21: collected words of 

2023-09-24 19:28:21: запрос: управляющий

2023-09-24 19:30:14: collected vacancies id of управляющий
2023-09-24 21:04:48: collected vacancies info of управляющий
2023-09-24 21:16:25: collected words of управляющий

2023-09-24 21:16:25: запрос: помощник руководителя

2023-09-24 21:17:54: collected vacancies id of помощник руководителя
2023-09-24 21:53:04: collected vacancies info of помощник руководителя
2023-09-24 21:57:47: collected words of помощник руководителя

2023-09-24 21:57:47: запрос: 

2023-09-24 21:59:36: collected vacancies id of 
2023-09-24 23:26:22: collected vacancies info of 
2023-09-24 23:36:08: collected words of 

2023-09-24 23:36:08: запрос: технолог производственных процессов
2023-09-24 23:37:16: collected vacancies id of технолог производственных процессо
2023-09-25 00:13:43: collected vacancies info of технолог производственных процессо
2023-09-25 00:19:43: collected words of технолог производственных процессо

